2020-10-15 00:17:52,559 INFO  [Log] Application opened 
2020-10-15 00:17:57,823 INFO  [Log] Login completed 
2020-10-15 00:18:05,261 INFO  [Log] Logout completed 
2020-10-15 00:18:06,050 INFO  [Log] Application closed 
2020-10-15 00:23:52,835 INFO  [Log] Application opened 
2020-10-15 00:23:58,217 INFO  [Log] Login completed 
2020-10-15 00:24:10,540 INFO  [Log] adding new emp 
2020-10-15 00:24:15,144 INFO  [Log] Logout completed 
2020-10-15 00:24:15,957 INFO  [Log] Application closed 
2020-10-15 00:28:50,022 INFO  [Log] Application opened 
2020-10-15 00:28:55,839 INFO  [Log] Login completed 
2020-10-15 00:29:03,392 INFO  [Log] Logout completed 
2020-10-15 00:29:04,184 INFO  [Log] Application closed 
2020-10-15 00:29:14,698 INFO  [Log] Application opened 
2020-10-15 00:29:20,052 INFO  [Log] Login completed 
2020-10-15 00:29:32,407 INFO  [Log] adding new emp 
2020-10-15 00:29:37,216 INFO  [Log] Logout completed 
2020-10-15 00:29:38,017 INFO  [Log] Application closed 
2020-10-15 10:49:38,947 INFO  [Log] Application opened 
2020-10-15 10:49:46,877 INFO  [Log] Login completed 
2020-10-15 10:49:58,052 INFO  [Log] Logout completed 
2020-10-15 10:49:58,861 INFO  [Log] Application closed 
2020-10-15 19:24:15,778 INFO  [Log] Application opened 
2020-10-15 19:24:20,432 INFO  [Log] Login completed 
2020-10-15 19:24:27,876 INFO  [Log] Logout completed 
2020-10-15 19:24:28,751 INFO  [Log] Application closed 
2020-10-15 19:24:37,589 INFO  [Log] Application opened 
2020-10-15 19:24:41,990 INFO  [Log] Login completed 
2020-10-15 19:24:51,397 INFO  [Log] adding new emp 
2020-10-15 19:24:55,654 INFO  [Log] Logout completed 
2020-10-15 19:24:56,523 INFO  [Log] Application closed 
2020-10-15 19:37:33,721 INFO  [Log] Application opened 
2020-10-15 19:37:39,022 INFO  [Log] Login completed 
2020-10-15 19:37:46,492 INFO  [Log] Logout completed 
2020-10-15 19:37:47,457 INFO  [Log] Application closed 
2020-10-15 19:37:54,533 INFO  [Log] Application opened 
2020-10-15 19:37:59,371 INFO  [Log] Login completed 
2020-10-15 19:38:08,602 INFO  [Log] adding new emp 
2020-10-15 19:38:12,908 INFO  [Log] Logout completed 
2020-10-15 19:38:13,747 INFO  [Log] Application closed 
2020-10-15 19:43:39,162 INFO  [Log] Application opened 
2020-10-15 19:43:44,119 INFO  [Log] Login completed 
2020-10-15 19:43:51,557 INFO  [Log] Logout completed 
2020-10-15 19:43:52,379 INFO  [Log] Application closed 
2020-10-15 19:43:59,097 INFO  [Log] Application opened 
2020-10-15 19:44:04,033 INFO  [Log] Login completed 
2020-10-15 19:44:13,595 INFO  [Log] adding new emp 
2020-10-15 19:44:17,944 INFO  [Log] Logout completed 
2020-10-15 19:44:18,770 INFO  [Log] Application closed 
